<?xml version="1.0" encoding="UTF-8"?>
<!-- Generated by org.testng.reporters.JUnitReportReporter -->
<testsuite hostname="DESKTOP-ML248P1" failures="0" tests="1" name="com.qa.api.gorest.util.Tokens" time="2.777" errors="0" timestamp="28 Dec 2022 18:38:35 GMT" skipped="0">
  <testcase classname="com.qa.api.gorest.util.Tokens" name="getAccessToken" time="2.777"/>
</testsuite> <!-- com.qa.api.gorest.util.Tokens -->
