<?xml version="1.0" encoding="UTF-8"?>
<!-- Generated by org.testng.reporters.JUnitReportReporter -->
<testsuite hostname="DESKTOP-ML248P1" failures="0" tests="3" name="com.qa.api.gorest.tests.GetImgurApiTest" time="13.483" errors="0" timestamp="15 Jan 2023 21:38:00 GMT" skipped="0">
  <testcase classname="com.qa.api.gorest.tests.GetImgurApiTest" name="uploadImagePostAPITest" time="4.524"/>
  <testcase classname="com.qa.api.gorest.tests.GetImgurApiTest" name="GetAccountImageTest" time="0.534"/>
  <testcase classname="com.qa.api.gorest.tests.GetImgurApiTest" name="GetAccountBlockedStatusTest" time="8.425"/>
</testsuite> <!-- com.qa.api.gorest.tests.GetImgurApiTest -->
