<?xml version="1.0" encoding="UTF-8"?>
<!-- Generated by org.testng.reporters.JUnitReportReporter -->
<testsuite hostname="DESKTOP-ML248P1" failures="0" tests="1" name="com.qa.api.gorest.tests.GetImgurApiTest" time="3.661" errors="0" timestamp="30 Dec 2022 16:44:48 GMT" skipped="0">
  <testcase classname="com.qa.api.gorest.tests.GetImgurApiTest" name="GetAccountImageTest" time="3.661"/>
</testsuite> <!-- com.qa.api.gorest.tests.GetImgurApiTest -->
