<?xml version="1.0" encoding="UTF-8"?>
<!-- Generated by org.testng.reporters.JUnitReportReporter -->
<testsuite hostname="DESKTOP-ML248P1" failures="0" tests="3" name="com.qa.api.gorest.tests.CreateUserTest" time="4.755" errors="0" timestamp="25 Dec 2022 20:46:15 GMT" skipped="0">
  <testcase classname="com.qa.api.gorest.tests.CreateUserTest" name="createUserAPIPOSTTest" time="0.469"/>
  <testcase classname="com.qa.api.gorest.tests.CreateUserTest" name="createUserAPIPOSTTest" time="3.146"/>
  <testcase classname="com.qa.api.gorest.tests.CreateUserTest" name="createUserAPIPOSTTest" time="1.140"/>
</testsuite> <!-- com.qa.api.gorest.tests.CreateUserTest -->
