<?xml version="1.0" encoding="UTF-8"?>
<!-- Generated by org.testng.reporters.JUnitReportReporter -->
<testsuite hostname="DESKTOP-ML248P1" failures="0" tests="2" name="com.qa.api.gorest.tests.GetUserTest" time="4.594" errors="0" timestamp="30 Dec 2022 16:53:15 GMT" skipped="0">
  <testcase classname="com.qa.api.gorest.tests.GetUserTest" name="getAllUserListApiTest" time="3.453"/>
  <testcase classname="com.qa.api.gorest.tests.GetUserTest" name="getUserWithQueryParamApiTest" time="1.141"/>
</testsuite> <!-- com.qa.api.gorest.tests.GetUserTest -->
