<?xml version="1.0" encoding="UTF-8"?>
<!-- Generated by org.testng.reporters.JUnitReportReporter -->
<testsuite hostname="DESKTOP-ML248P1" failures="0" tests="3" name="com.qa.api.gorest.tests.GetImgurApiTest" time="9.122" errors="0" timestamp="01 Jan 2023 03:37:37 GMT" skipped="0">
  <testcase classname="com.qa.api.gorest.tests.GetImgurApiTest" name="GetAccountImageTest" time="0.491"/>
  <testcase classname="com.qa.api.gorest.tests.GetImgurApiTest" name="uploadImagePostAPITest" time="4.845"/>
  <testcase classname="com.qa.api.gorest.tests.GetImgurApiTest" name="GetAccountBlockedStatusTest" time="3.786"/>
</testsuite> <!-- com.qa.api.gorest.tests.GetImgurApiTest -->
