<?xml version="1.0" encoding="UTF-8"?>
<!-- Generated by org.testng.reporters.JUnitReportReporter -->
<testsuite hostname="DESKTOP-ML248P1" failures="0" tests="3" name="com.qa.api.gorest.tests.CreateUserTest" time="5.880" errors="0" timestamp="30 Dec 2022 16:58:46 GMT" skipped="0">
  <testcase classname="com.qa.api.gorest.tests.CreateUserTest" name="createUserAPIPOSTTest" time="3.739"/>
  <testcase classname="com.qa.api.gorest.tests.CreateUserTest" name="createUserAPIPOSTTest" time="1.063"/>
  <testcase classname="com.qa.api.gorest.tests.CreateUserTest" name="createUserAPIPOSTTest" time="1.078"/>
</testsuite> <!-- com.qa.api.gorest.tests.CreateUserTest -->
