<?xml version="1.0" encoding="UTF-8"?>
<!-- Generated by org.testng.reporters.JUnitReportReporter -->
<testsuite hostname="DESKTOP-ML248P1" failures="0" tests="2" name="com.qa.api.gorest.tests.GetUserTest" time="1.976" errors="0" timestamp="15 Jan 2023 21:38:00 GMT" skipped="0">
  <testcase classname="com.qa.api.gorest.tests.GetUserTest" name="getAllUserListApiTest" time="0.991"/>
  <testcase classname="com.qa.api.gorest.tests.GetUserTest" name="getUserWithQueryParamApiTest" time="0.985"/>
</testsuite> <!-- com.qa.api.gorest.tests.GetUserTest -->
