<?xml version="1.0" encoding="UTF-8"?>
<!-- Generated by org.testng.reporters.JUnitReportReporter -->
<testsuite hostname="DESKTOP-ML248P1" failures="0" tests="1" name="com.qa.api.gorest.pojo.UserResult" time="0.459" errors="0" timestamp="01 Jan 2023 17:19:58 GMT" skipped="0">
  <testcase classname="com.qa.api.gorest.pojo.UserResult" name="CreateUserWithFullJson" time="0.459"/>
</testsuite> <!-- com.qa.api.gorest.pojo.UserResult -->
