<?xml version="1.0" encoding="UTF-8"?>
<!-- Generated by org.testng.reporters.JUnitReportReporter -->
<testsuite hostname="DESKTOP-ML248P1" failures="0" tests="3" name="com.qa.api.gorest.tests.GetImgurApiTest" time="12.669" errors="0" timestamp="15 Jan 2023 21:52:13 GMT" skipped="0">
  <testcase classname="com.qa.api.gorest.tests.GetImgurApiTest" name="GetAccountBlockedStatusTest" time="1.688"/>
  <testcase classname="com.qa.api.gorest.tests.GetImgurApiTest" name="uploadImagePostAPITest" time="4.486"/>
  <testcase classname="com.qa.api.gorest.tests.GetImgurApiTest" name="GetAccountImageTest" time="6.495"/>
</testsuite> <!-- com.qa.api.gorest.tests.GetImgurApiTest -->
