<?xml version="1.0" encoding="UTF-8"?>
<!-- Generated by org.testng.reporters.JUnitReportReporter -->
<testsuite hostname="DESKTOP-ML248P1" failures="0" tests="2" name="com.qa.api.gorest.tests.GetUserTest" time="1.549" errors="0" timestamp="15 Jan 2023 21:52:13 GMT" skipped="0">
  <testcase classname="com.qa.api.gorest.tests.GetUserTest" name="getAllUserListApiTest" time="1.064"/>
  <testcase classname="com.qa.api.gorest.tests.GetUserTest" name="getUserWithQueryParamApiTest" time="0.485"/>
</testsuite> <!-- com.qa.api.gorest.tests.GetUserTest -->
